Determining if the function wsyncup exists in the /usr/lib64/libcurses.so passed with the following output:
Change Dir: /home/sorsak/cmake-3.17.3/Source/Checks/Curses-build/CMakeFiles/CMakeTmp

Run Build Command(s):/usr/bin/gmake cmTC_0c20f/fast && gmake  -f CMakeFiles/cmTC_0c20f.dir/build.make CMakeFiles/cmTC_0c20f.dir/build
gmake[1]: Entering directory `/home/sorsak/cmake-3.17.3/Source/Checks/Curses-build/CMakeFiles/CMakeTmp'
Building C object CMakeFiles/cmTC_0c20f.dir/CheckFunctionExists.c.o
/usr/bin/gcc   -DCHECK_FUNCTION_EXISTS=wsyncup   -o CMakeFiles/cmTC_0c20f.dir/CheckFunctionExists.c.o   -c /home/sorsak/cmake-3.17.3/Modules/CheckFunctionExists.c
Linking C executable cmTC_0c20f
/home/sorsak/cmake-3.17.3/Bootstrap.cmk/cmake -E cmake_link_script CMakeFiles/cmTC_0c20f.dir/link.txt --verbose=1
/usr/bin/gcc  -DCHECK_FUNCTION_EXISTS=wsyncup    -rdynamic CMakeFiles/cmTC_0c20f.dir/CheckFunctionExists.c.o  -o cmTC_0c20f  -lcurses 
gmake[1]: Leaving directory `/home/sorsak/cmake-3.17.3/Source/Checks/Curses-build/CMakeFiles/CMakeTmp'



Determining if the function cbreak exists in the /usr/lib64/libncurses.so passed with the following output:
Change Dir: /home/sorsak/cmake-3.17.3/Source/Checks/Curses-build/CMakeFiles/CMakeTmp

Run Build Command(s):/usr/bin/gmake cmTC_854ed/fast && gmake  -f CMakeFiles/cmTC_854ed.dir/build.make CMakeFiles/cmTC_854ed.dir/build
gmake[1]: Entering directory `/home/sorsak/cmake-3.17.3/Source/Checks/Curses-build/CMakeFiles/CMakeTmp'
Building C object CMakeFiles/cmTC_854ed.dir/CheckFunctionExists.c.o
/usr/bin/gcc   -DCHECK_FUNCTION_EXISTS=cbreak   -o CMakeFiles/cmTC_854ed.dir/CheckFunctionExists.c.o   -c /home/sorsak/cmake-3.17.3/Modules/CheckFunctionExists.c
Linking C executable cmTC_854ed
/home/sorsak/cmake-3.17.3/Bootstrap.cmk/cmake -E cmake_link_script CMakeFiles/cmTC_854ed.dir/link.txt --verbose=1
/usr/bin/gcc  -DCHECK_FUNCTION_EXISTS=cbreak    -rdynamic CMakeFiles/cmTC_854ed.dir/CheckFunctionExists.c.o  -o cmTC_854ed  -lncurses 
gmake[1]: Leaving directory `/home/sorsak/cmake-3.17.3/Source/Checks/Curses-build/CMakeFiles/CMakeTmp'



